mode: set
github.com/mafulong/godal/config/log.go:14.16,17.61 1 1
github.com/mafulong/godal/config/log.go:27.2,37.12 5 1
github.com/mafulong/godal/config/log.go:17.61,21.4 2 0
github.com/mafulong/godal/config/log.go:37.12,39.3 1 0
github.com/mafulong/godal/config/log.go:39.8,42.3 2 1
github.com/mafulong/godal/gen/model/action.go:30.29,33.16 3 0
github.com/mafulong/godal/gen/model/action.go:37.2,38.16 2 0
github.com/mafulong/godal/gen/model/action.go:41.2,42.31 2 0
github.com/mafulong/godal/gen/model/action.go:45.2,45.27 1 0
github.com/mafulong/godal/gen/model/action.go:55.2,55.12 1 0
github.com/mafulong/godal/gen/model/action.go:33.16,36.3 2 0
github.com/mafulong/godal/gen/model/action.go:38.16,40.3 1 0
github.com/mafulong/godal/gen/model/action.go:42.31,44.3 1 0
github.com/mafulong/godal/gen/model/action.go:45.27,49.17 4 0
github.com/mafulong/godal/gen/model/action.go:53.3,53.21 1 0
github.com/mafulong/godal/gen/model/action.go:49.17,52.4 2 0
github.com/mafulong/godal/gen/model/action.go:58.43,59.31 1 0
github.com/mafulong/godal/gen/model/action.go:62.2,62.78 1 0
github.com/mafulong/godal/gen/model/action.go:59.31,61.3 1 0
github.com/mafulong/godal/gen/model/action.go:65.54,67.25 2 0
github.com/mafulong/godal/gen/model/action.go:71.2,75.36 4 0
github.com/mafulong/godal/gen/model/action.go:83.2,100.21 4 0
github.com/mafulong/godal/gen/model/action.go:67.25,69.3 1 0
github.com/mafulong/godal/gen/model/action.go:75.36,76.13 1 0
github.com/mafulong/godal/gen/model/action.go:79.3,80.25 2 0
github.com/mafulong/godal/gen/model/action.go:76.13,78.4 1 0
github.com/mafulong/godal/gen/model/action.go:103.46,104.42 1 0
github.com/mafulong/godal/gen/model/action.go:110.2,110.14 1 0
github.com/mafulong/godal/gen/model/action.go:104.42,105.22 1 0
github.com/mafulong/godal/gen/model/action.go:106.40,107.15 1 0
github.com/mafulong/godal/gen/model/action.go:113.46,115.42 2 0
github.com/mafulong/godal/gen/model/action.go:118.2,118.16 1 0
github.com/mafulong/godal/gen/model/action.go:115.42,117.3 1 0
github.com/mafulong/godal/gen/model/command.go:25.35,27.36 2 0
github.com/mafulong/godal/gen/model/command.go:30.2,30.34 1 0
github.com/mafulong/godal/gen/model/command.go:36.2,36.12 1 0
github.com/mafulong/godal/gen/model/command.go:27.36,29.3 1 0
github.com/mafulong/godal/gen/model/command.go:30.34,32.17 2 0
github.com/mafulong/godal/gen/model/command.go:32.17,34.4 1 0
github.com/mafulong/godal/gen/command.go:16.43,18.3 1 0
github.com/mafulong/godal/main.go:14.35,16.2 1 0
github.com/mafulong/godal/main.go:25.31,27.16 2 0
github.com/mafulong/godal/main.go:31.2,31.12 1 0
github.com/mafulong/godal/main.go:27.16,30.3 2 0
github.com/mafulong/godal/main.go:34.13,36.2 1 0
github.com/mafulong/godal/test/model/test_tb1.go:14.35,16.2 1 0
github.com/mafulong/godal/test/model/test_tb2.go:14.35,16.2 1 0
github.com/mafulong/godal/config/config.go:12.13,14.2 1 1
github.com/mafulong/godal/config/log.go:14.16,17.61 1 1
github.com/mafulong/godal/config/log.go:27.2,37.12 5 1
github.com/mafulong/godal/config/log.go:17.61,21.4 2 1
github.com/mafulong/godal/config/log.go:37.12,39.3 1 0
github.com/mafulong/godal/config/log.go:39.8,42.3 2 1
github.com/mafulong/godal/test/model/test_tb1.go:14.35,16.2 1 0
github.com/mafulong/godal/test/model/test_tb2.go:14.35,16.2 1 0
github.com/mafulong/godal/main.go:14.35,16.2 1 0
github.com/mafulong/godal/main.go:25.31,27.16 2 1
github.com/mafulong/godal/main.go:31.2,31.12 1 1
github.com/mafulong/godal/main.go:27.16,30.3 2 0
github.com/mafulong/godal/main.go:34.13,36.2 1 0
github.com/mafulong/godal/gen/model/action.go:30.29,33.16 3 1
github.com/mafulong/godal/gen/model/action.go:37.2,38.16 2 1
github.com/mafulong/godal/gen/model/action.go:41.2,42.31 2 1
github.com/mafulong/godal/gen/model/action.go:45.2,45.27 1 1
github.com/mafulong/godal/gen/model/action.go:55.2,55.12 1 1
github.com/mafulong/godal/gen/model/action.go:33.16,36.3 2 0
github.com/mafulong/godal/gen/model/action.go:38.16,40.3 1 0
github.com/mafulong/godal/gen/model/action.go:42.31,44.3 1 1
github.com/mafulong/godal/gen/model/action.go:45.27,49.17 4 1
github.com/mafulong/godal/gen/model/action.go:53.3,53.21 1 1
github.com/mafulong/godal/gen/model/action.go:49.17,52.4 2 0
github.com/mafulong/godal/gen/model/action.go:58.43,59.31 1 1
github.com/mafulong/godal/gen/model/action.go:62.2,62.78 1 0
github.com/mafulong/godal/gen/model/action.go:59.31,61.3 1 1
github.com/mafulong/godal/gen/model/action.go:65.54,67.25 2 1
github.com/mafulong/godal/gen/model/action.go:71.2,75.36 4 1
github.com/mafulong/godal/gen/model/action.go:83.2,100.21 4 1
github.com/mafulong/godal/gen/model/action.go:67.25,69.3 1 1
github.com/mafulong/godal/gen/model/action.go:75.36,76.13 1 1
github.com/mafulong/godal/gen/model/action.go:79.3,80.25 2 1
github.com/mafulong/godal/gen/model/action.go:76.13,78.4 1 1
github.com/mafulong/godal/gen/model/action.go:103.46,104.42 1 1
github.com/mafulong/godal/gen/model/action.go:110.2,110.14 1 0
github.com/mafulong/godal/gen/model/action.go:104.42,105.22 1 1
github.com/mafulong/godal/gen/model/action.go:106.40,107.15 1 1
github.com/mafulong/godal/gen/model/action.go:113.46,115.42 2 1
github.com/mafulong/godal/gen/model/action.go:118.2,118.16 1 1
github.com/mafulong/godal/gen/model/action.go:115.42,117.3 1 1
github.com/mafulong/godal/gen/model/command.go:25.35,27.36 2 1
github.com/mafulong/godal/gen/model/command.go:30.2,30.34 1 1
github.com/mafulong/godal/gen/model/command.go:36.2,36.12 1 1
github.com/mafulong/godal/gen/model/command.go:27.36,29.3 1 1
github.com/mafulong/godal/gen/model/command.go:30.34,32.17 2 1
github.com/mafulong/godal/gen/model/command.go:32.17,34.4 1 0
github.com/mafulong/godal/gen/command.go:16.43,18.3 1 0
github.com/mafulong/godal/config/config.go:12.13,14.2 1 1
